Traceback (most recent call last):
  File "/opt/miniconda3/envs/vlxdev/lib/python3.9/site-packages/jupyter_cache/executors/utils.py", line 51, in single_nb_execution
    executenb(
  File "/opt/miniconda3/envs/vlxdev/lib/python3.9/site-packages/nbclient/client.py", line 1112, in execute
    return NotebookClient(nb=nb, resources=resources, km=km, **kwargs).execute()
  File "/opt/miniconda3/envs/vlxdev/lib/python3.9/site-packages/nbclient/util.py", line 74, in wrapped
    return just_run(coro(*args, **kwargs))
  File "/opt/miniconda3/envs/vlxdev/lib/python3.9/site-packages/nbclient/util.py", line 53, in just_run
    return loop.run_until_complete(coro)
  File "/opt/miniconda3/envs/vlxdev/lib/python3.9/asyncio/base_events.py", line 642, in run_until_complete
    return future.result()
  File "/opt/miniconda3/envs/vlxdev/lib/python3.9/site-packages/nbclient/client.py", line 553, in async_execute
    await self.async_execute_cell(
  File "/opt/miniconda3/envs/vlxdev/lib/python3.9/site-packages/nbclient/client.py", line 857, in async_execute_cell
    self._check_raise_for_error(cell, exec_reply)
  File "/opt/miniconda3/envs/vlxdev/lib/python3.9/site-packages/nbclient/client.py", line 760, in _check_raise_for_error
    raise CellExecutionError.from_cell_and_msg(cell, exec_reply_content)
nbclient.exceptions.CellExecutionError: An error occurred while executing the following cell:
------------------
import matplotlib.pyplot as plt

plt.plot(t, x, 'b', label='Prey')
plt.plot(t, y, 'r', label='Predator')

plt.grid(True)
plt.setp(plt.gca(), xlim=(inital,final), ylim=(0,50))
plt.title('Predator-Prey population dynamics')
plt.xlabel(r'Time')
plt.ylabel(r'Populations')
plt.legend()

plt.show()
------------------

[0;31m---------------------------------------------------------------------------[0m
[0;31mNameError[0m                                 Traceback (most recent call last)
[0;32m<ipython-input-5-5d30a3a007ac>[0m in [0;36m<module>[0;34m[0m
[1;32m      5[0m [0;34m[0m[0m
[1;32m      6[0m [0mplt[0m[0;34m.[0m[0mgrid[0m[0;34m([0m[0;32mTrue[0m[0;34m)[0m[0;34m[0m[0;34m[0m[0m
[0;32m----> 7[0;31m [0mplt[0m[0;34m.[0m[0msetp[0m[0;34m([0m[0mplt[0m[0;34m.[0m[0mgca[0m[0;34m([0m[0;34m)[0m[0;34m,[0m [0mxlim[0m[0;34m=[0m[0;34m([0m[0minital[0m[0;34m,[0m[0mfinal[0m[0;34m)[0m[0;34m,[0m [0mylim[0m[0;34m=[0m[0;34m([0m[0;36m0[0m[0;34m,[0m[0;36m50[0m[0;34m)[0m[0;34m)[0m[0;34m[0m[0;34m[0m[0m
[0m[1;32m      8[0m [0mplt[0m[0;34m.[0m[0mtitle[0m[0;34m([0m[0;34m'Predator-Prey population dynamics'[0m[0;34m)[0m[0;34m[0m[0;34m[0m[0m
[1;32m      9[0m [0mplt[0m[0;34m.[0m[0mxlabel[0m[0;34m([0m[0;34mr'Time'[0m[0;34m)[0m[0;34m[0m[0;34m[0m[0m

[0;31mNameError[0m: name 'inital' is not defined
NameError: name 'inital' is not defined

